<?xml version="1.0" encoding="UTF-8"?>
<!-- Generated by org.testng.reporters.JUnitReportReporter -->
<testsuite hostname="DESKTOP-JBEJ76S" failures="0" tests="1" name="extentreport.ExtentReport1" time="1.968" errors="0" timestamp="2022-11-02T23:01:19 IST" skipped="0">
  <testcase classname="extentreport.ExtentReport1" name="Extentreport" time="1.968"/>
  <system-out/>
</testsuite> <!-- extentreport.ExtentReport1 -->
